<?xml version="1.0" encoding="UTF-8"?>
<!-- Generated by org.testng.reporters.JUnitReportReporter -->
<testsuite hostname="Allah-PC" failures="0" tests="2" name="testcases.LoginTestCase" time="47.800" errors="0" timestamp="2022-08-07T22:42:46 CEST" skipped="0">
  <testcase classname="testcases.LoginTestCase" name="loginTestValid" time="18.803"/>
  <system-out/>
  <testcase classname="testcases.LoginTestCase" name="loginTestInvalid" time="28.997"/>
  <system-out/>
</testsuite> <!-- testcases.LoginTestCase -->
